IQ-TREE multicore version 2.1.2 COVID-edition for Linux 64-bit built Jun 26 2021
Developed by Bui Quang Minh, James Barbetti, Nguyen Lam Tung,
Olga Chernomor, Heiko Schmidt, Dominik Schrempf, Michael Woodhams.

Host:    n084.cluster.com (AVX512, FMA3, 125 GB RAM)
Command: iqtree2 -t RAxML_bipartitionsBranchLabels.tree_pi_m20_nogap -s /data/schwartzlab/Biancani/output_SISRS/mammals/SISRS_Run/alignment_pi_m20_nogap.phylip-relaxed --scf 100 --prefix tree_pi_m20_nogap_SCF -nt 36
Seed:    113716 (Using SPRNG - Scalable Parallel Random Number Generator)
Time:    Mon Mar 28 09:01:29 2022
Kernel:  AVX+FMA - 36 threads (36 CPU cores detected)

Reading alignment file /data/schwartzlab/Biancani/output_SISRS/mammals/SISRS_Run/alignment_pi_m20_nogap.phylip-relaxed ... Phylip format detected
Alignment most likely contains DNA/RNA sequences
Alignment has 38 sequences with 408067 columns, 407290 distinct patterns
407882 parsimony-informative, 185 singleton sites, 0 constant sites
                                  Gap/Ambiguity  Composition  p-value
   1  Amblysomus_hottentotus_longiceps    9.16%    failed      0.07%
   2  Bradypus_variegatus                39.01%    failed      0.00%
   3  Ceratotherium_simum                86.53%    failed      0.00%
   4  Chaetophractus_vellerosus          31.25%    failed      0.87%
   5  Choloepus_didactylus               31.70%    passed     38.01%
   6  Chrysochloris_asiatica             21.01%    failed      0.00%
   7  Condylura_cristata                 17.81%    failed      0.00%
   8  Dasypus_novemcinctus               25.67%    failed      0.00%
   9  Didelphis_virginiana               34.08%    failed      0.00%
  10  Echinops_telfairi                  30.70%    failed      0.00%
  11  Elephantulus_edwardii              24.45%    failed      0.00%
  12  Galeopterus_variegatus             59.50%    passed      6.42%
  13  Gymnobelideus_leadbeateri          25.01%    failed      0.00%
  14  Hippopotamus_amphibius              9.33%    failed      0.00%
  15  Hydrodamalis_gigas                 13.83%    failed      0.00%
  16  Loxodonta_africana                 17.78%    failed      0.00%
  17  Manis_javanica                     28.98%    passed     74.29%
  18  Megalonyx_jeffersonii             100.00%    passed     21.18%
  19  Megatherium_americanum             99.98%    failed      0.36%
  20  Microgale_talazaci                 15.40%    failed      0.00%
  21  Mylodon_darwinii                   78.43%    failed      0.00%
  22  Myrmecophaga_tridactyla            27.49%    failed      0.00%
  23  Odobenus_rosmarus_divergens        35.73%    failed      0.00%
  24  Pan_troglodytes                    41.76%    failed      0.00%
  25  Phalanger_gymnotis                 32.02%    failed      0.00%
  26  Potorous_gilbertii                 27.25%    failed      0.00%
  27  Procavia_capensis                  14.83%    failed      0.00%
  28  Pseudochirops_corinnae             29.13%    failed      0.00%
  29  Pteropus_vampyrus                   8.33%    failed      0.00%
  30  Rattus_norvegicus                  28.90%    failed      0.00%
  31  Sarcophilus_harrisii               50.57%    failed      0.00%
  32  Tamandua_tetradactyla              21.83%    failed      0.00%
  33  Thylacinus_cynocephalus            63.85%    failed      0.00%
  34  Tolypeutes_matacus                 40.68%    failed      0.00%
  35  Trichechus_manatus_latirostris     96.83%    failed      0.00%
  36  Tupaia_tana                        26.12%    failed      0.00%
  37  Vombatus_ursinus                   32.75%    failed      0.00%
  38  Wallabia_bicolor                   58.77%    failed      0.00%
WARNING: 9 sequences contain more than 50% gaps/ambiguity
****  TOTAL                              37.80%  34 sequences failed composition chi2 test (p-value<5%; df=3)
Reading tree RAxML_bipartitionsBranchLabels.tree_pi_m20_nogap ...
un-rooted tree with 38 taxa and 73 branches
Computing site concordance factor...
0.900 sec
Tree with concordance factors written to tree_pi_m20_nogap_SCF.cf.tree
Annotated tree (best viewed in FigTree) written to tree_pi_m20_nogap_SCF.cf.tree.nex
Tree with branch IDs written to tree_pi_m20_nogap_SCF.cf.branch
Concordance factors per branch printed to tree_pi_m20_nogap_SCF.cf.stat
Date and Time: Mon Mar 28 09:01:31 2022
